# JRE version: OpenJDK Runtime Environment (8.0_242-b01) (build 1.8.0_242-release-1644-b01)
# Java VM: OpenJDK 64-Bit Server VM (25.242-b01 mixed mode windows-amd64 compressed oops)
Heap:
 PSYoungGen      total 416256K, used 359099K [0x00000000d5580000, 0x00000000fe200000, 0x0000000100000000)
  eden space 335360K, 100% used [0x00000000d5580000,0x00000000e9d00000,0x00000000e9d00000)
  from space 80896K, 29% used [0x00000000eaa00000,0x00000000ec12ed48,0x00000000ef900000)
  to   space 166400K, 24% used [0x00000000f3f80000,0x00000000f678f3f8,0x00000000fe200000)
 ParOldGen       total 738304K, used 565466K [0x0000000080000000, 0x00000000ad100000, 0x00000000d5580000)
  object space 738304K, 76% used [0x0000000080000000,0x00000000a2836bb8,0x00000000ad100000)
 Metaspace       used 294903K, capacity 318210K, committed 318488K, reserved 1325056K
  class space    used 38416K, capacity 42735K, committed 42800K, reserved 1048576K
GC Heap History (10 events):
Event: 24012.642 GC heap after
Heap after GC invocations=48 (full 8):
 PSYoungGen      total 498176K, used 81312K [0x00000000d5580000, 0x00000000fd280000, 0x0000000100000000)
  eden space 375808K, 0% used [0x00000000d5580000,0x00000000d5580000,0x00000000ec480000)
  from space 122368K, 66% used [0x00000000f5b00000,0x00000000faa683d8,0x00000000fd280000)
  to   space 138240K, 0% used [0x00000000ec480000,0x00000000ec480000,0x00000000f4b80000)
 ParOldGen       total 555520K, used 424750K [0x0000000080000000, 0x00000000a1e80000, 0x00000000d5580000)
  object space 555520K, 76% used [0x0000000080000000,0x0000000099ecbbe8,0x00000000a1e80000)
 Metaspace       used 256916K, capacity 276792K, committed 276888K, reserved 1290240K
  class space    used 33376K, capacity 37004K, committed 37040K, reserved 1048576K
}
Event: 24016.569 GC heap before
{Heap before GC invocations=49 (full 8):
 PSYoungGen      total 498176K, used 457120K [0x00000000d5580000, 0x00000000fd280000, 0x0000000100000000)
  eden space 375808K, 100% used [0x00000000d5580000,0x00000000ec480000,0x00000000ec480000)
  from space 122368K, 66% used [0x00000000f5b00000,0x00000000faa683d8,0x00000000fd280000)
  to   space 138240K, 0% used [0x00000000ec480000,0x00000000ec480000,0x00000000f4b80000)
 ParOldGen       total 555520K, used 424750K [0x0000000080000000, 0x00000000a1e80000, 0x00000000d5580000)
  object space 555520K, 76% used [0x0000000080000000,0x0000000099ecbbe8,0x00000000a1e80000)
 Metaspace       used 269587K, capacity 290586K, committed 290840K, reserved 1300480K
  class space    used 35063K, capacity 38927K, committed 38960K, reserved 1048576K
Event: 24016.694 GC heap after
Heap after GC invocations=49 (full 8):
 PSYoungGen      total 514048K, used 138223K [0x00000000d5580000, 0x0000000100000000, 0x0000000100000000)
  eden space 375808K, 0% used [0x00000000d5580000,0x00000000d5580000,0x00000000ec480000)
  from space 138240K, 99% used [0x00000000ec480000,0x00000000f4b7bec0,0x00000000f4b80000)
  to   space 158720K, 0% used [0x00000000f6500000,0x00000000f6500000,0x0000000100000000)
 ParOldGen       total 555520K, used 425960K [0x0000000080000000, 0x00000000a1e80000, 0x00000000d5580000)
  object space 555520K, 76% used [0x0000000080000000,0x0000000099ffa158,0x00000000a1e80000)
 Metaspace       used 269587K, capacity 290586K, committed 290840K, reserved 1300480K
  class space    used 35063K, capacity 38927K, committed 38960K, reserved 1048576K
}
Event: 24281.734 GC heap before
{Heap before GC invocations=50 (full 8):
 PSYoungGen      total 514048K, used 514031K [0x00000000d5580000, 0x0000000100000000, 0x0000000100000000)
  eden space 375808K, 100% used [0x00000000d5580000,0x00000000ec480000,0x00000000ec480000)
  from space 138240K, 99% used [0x00000000ec480000,0x00000000f4b7bec0,0x00000000f4b80000)
  to   space 158720K, 0% used [0x00000000f6500000,0x00000000f6500000,0x0000000100000000)
 ParOldGen       total 555520K, used 425960K [0x0000000080000000, 0x00000000a1e80000, 0x00000000d5580000)
  object space 555520K, 76% used [0x0000000080000000,0x0000000099ffa158,0x00000000a1e80000)
 Metaspace       used 282282K, capacity 304374K, committed 304536K, reserved 1312768K
  class space    used 36749K, capacity 40849K, committed 40880K, reserved 1048576K
Event: 24281.883 GC heap after
Heap after GC invocations=50 (full 8):
 PSYoungGen      total 507392K, used 139079K [0x00000000d5580000, 0x0000000100000000, 0x0000000100000000)
  eden space 348672K, 0% used [0x00000000d5580000,0x00000000d5580000,0x00000000eaa00000)
  from space 158720K, 87% used [0x00000000f6500000,0x00000000fecd1d50,0x0000000100000000)
  to   space 175104K, 0% used [0x00000000eaa00000,0x00000000eaa00000,0x00000000f5500000)
 ParOldGen       total 555520K, used 456285K [0x0000000080000000, 0x00000000a1e80000, 0x00000000d5580000)
  object space 555520K, 82% used [0x0000000080000000,0x000000009bd975d0,0x00000000a1e80000)
 Metaspace       used 282282K, capacity 304374K, committed 304536K, reserved 1312768K
  class space    used 36749K, capacity 40849K, committed 40880K, reserved 1048576K
}
Event: 24371.114 GC heap before
{Heap before GC invocations=51 (full 8):
 PSYoungGen      total 507392K, used 487737K [0x00000000d5580000, 0x0000000100000000, 0x0000000100000000)
  eden space 348672K, 99% used [0x00000000d5580000,0x00000000ea9fca38,0x00000000eaa00000)
  from space 158720K, 87% used [0x00000000f6500000,0x00000000fecd1d50,0x0000000100000000)
  to   space 175104K, 0% used [0x00000000eaa00000,0x00000000eaa00000,0x00000000f5500000)
 ParOldGen       total 555520K, used 456285K [0x0000000080000000, 0x00000000a1e80000, 0x00000000d5580000)
  object space 555520K, 82% used [0x0000000080000000,0x000000009bd975d0,0x00000000a1e80000)
 Metaspace       used 292264K, capacity 314824K, committed 315160K, reserved 1323008K
  class space    used 37982K, capacity 42184K, committed 42288K, reserved 1048576K
Event: 24371.330 GC heap after
Heap after GC invocations=51 (full 8):
 PSYoungGen      total 416256K, used 80520K [0x00000000d5580000, 0x00000000fe200000, 0x0000000100000000)
  eden space 335360K, 0% used [0x00000000d5580000,0x00000000d5580000,0x00000000e9d00000)
  from space 80896K, 99% used [0x00000000eaa00000,0x00000000ef8a20c8,0x00000000ef900000)
  to   space 166400K, 0% used [0x00000000f3f80000,0x00000000f3f80000,0x00000000fe200000)
 ParOldGen       total 555520K, used 531423K [0x0000000080000000, 0x00000000a1e80000, 0x00000000d5580000)
  object space 555520K, 95% used [0x0000000080000000,0x00000000a06f7d28,0x00000000a1e80000)
 Metaspace       used 292264K, capacity 314824K, committed 315160K, reserved 1323008K
  class space    used 37982K, capacity 42184K, committed 42288K, reserved 1048576K
}
Event: 24371.330 GC heap before
{Heap before GC invocations=52 (full 9):
 PSYoungGen      total 416256K, used 80520K [0x00000000d5580000, 0x00000000fe200000, 0x0000000100000000)
  eden space 335360K, 0% used [0x00000000d5580000,0x00000000d5580000,0x00000000e9d00000)
  from space 80896K, 99% used [0x00000000eaa00000,0x00000000ef8a20c8,0x00000000ef900000)
  to   space 166400K, 0% used [0x00000000f3f80000,0x00000000f3f80000,0x00000000fe200000)
 ParOldGen       total 555520K, used 531423K [0x0000000080000000, 0x00000000a1e80000, 0x00000000d5580000)
  object space 555520K, 95% used [0x0000000080000000,0x00000000a06f7d28,0x00000000a1e80000)
 Metaspace       used 292264K, capacity 314824K, committed 315160K, reserved 1323008K
  class space    used 37982K, capacity 42184K, committed 42288K, reserved 1048576K
Event: 24373.394 GC heap after
Heap after GC invocations=52 (full 9):
 PSYoungGen      total 416256K, used 23739K [0x00000000d5580000, 0x00000000fe200000, 0x0000000100000000)
  eden space 335360K, 0% used [0x00000000d5580000,0x00000000d5580000,0x00000000e9d00000)
  from space 80896K, 29% used [0x00000000eaa00000,0x00000000ec12ed48,0x00000000ef900000)
  to   space 166400K, 0% used [0x00000000f3f80000,0x00000000f3f80000,0x00000000fe200000)
 ParOldGen       total 738304K, used 555384K [0x0000000080000000, 0x00000000ad100000, 0x00000000d5580000)
  object space 738304K, 75% used [0x0000000080000000,0x00000000a1e5e098,0x00000000ad100000)
 Metaspace       used 292132K, capacity 314608K, committed 315160K, reserved 1323008K
  class space    used 37963K, capacity 42148K, committed 42288K, reserved 1048576K
}
Event: 25290.870 GC heap before
{Heap before GC invocations=53 (full 9):
 PSYoungGen      total 416256K, used 359099K [0x00000000d5580000, 0x00000000fe200000, 0x0000000100000000)
  eden space 335360K, 100% used [0x00000000d5580000,0x00000000e9d00000,0x00000000e9d00000)
  from space 80896K, 29% used [0x00000000eaa00000,0x00000000ec12ed48,0x00000000ef900000)
  to   space 166400K, 0% used [0x00000000f3f80000,0x00000000f3f80000,0x00000000fe200000)
 ParOldGen       total 738304K, used 555384K [0x0000000080000000, 0x00000000ad100000, 0x00000000d5580000)
  object space 738304K, 75% used [0x0000000080000000,0x00000000a1e5e098,0x00000000ad100000)
 Metaspace       used 294903K, capacity 318210K, committed 318488K, reserved 1325056K
  class space    used 38416K, capacity 42735K, committed 42800K, reserved 1048576K

